{"numTotalTestSuites":166,"numPassedTestSuites":139,"numFailedTestSuites":27,"numPendingTestSuites":0,"numTotalTests":465,"numPassedTests":401,"numFailedTests":64,"numPendingTests":0,"numTodoTests":0,"snapshot":{"added":0,"failure":false,"filesAdded":0,"filesRemoved":0,"filesRemovedList":[],"filesUnmatched":0,"filesUpdated":0,"matched":0,"total":0,"unchecked":0,"uncheckedKeysByFile":[],"unmatched":0,"updated":0,"didUpdate":false},"startTime":1772572805331,"success":false,"testResults":[{"assertionResults":[{"ancestorTitles":["Authentication Persistence Integration","Admin Session Persistence"],"fullName":"Authentication Persistence Integration Admin Session Persistence should maintain admin session across component re-renders","status":"passed","title":"should maintain admin session across component re-renders","duration":27.484550000000127,"failureMessages":[],"meta":{}},{"ancestorTitles":["Authentication Persistence Integration","Admin Session Persistence"],"fullName":"Authentication Persistence Integration Admin Session Persistence should refresh admin session periodically","status":"passed","title":"should refresh admin session periodically","duration":14.689395999999988,"failureMessages":[],"meta":{}},{"ancestorTitles":["Authentication Persistence Integration","Admin Session Persistence"],"fullName":"Authentication Persistence Integration Admin Session Persistence should handle admin session expiration gracefully","status":"passed","title":"should handle admin session expiration gracefully","duration":11.119584000000032,"failureMessages":[],"meta":{}},{"ancestorTitles":["Authentication Persistence Integration","Anonymous Session Persistence"],"fullName":"Authentication Persistence Integration Anonymous Session Persistence should persist anonymous session in localStorage","status":"passed","title":"should persist anonymous session in localStorage","duration":4.73796799999991,"failureMessages":[],"meta":{}},{"ancestorTitles":["Authentication Persistence Integration","Anonymous Session Persistence"],"fullName":"Authentication Persistence Integration Anonymous Session Persistence should recover anonymous session from localStorage","status":"passed","title":"should recover anonymous session from localStorage","duration":3.772211999999854,"failureMessages":[],"meta":{}},{"ancestorTitles":["Authentication Persistence Integration","Anonymous Session Persistence"],"fullName":"Authentication Persistence Integration Anonymous Session Persistence should handle corrupted localStorage gracefully","status":"passed","title":"should handle corrupted localStorage gracefully","duration":3.8681269999999586,"failureMessages":[],"meta":{}},{"ancestorTitles":["Authentication Persistence Integration","Session Priority and Transitions"],"fullName":"Authentication Persistence Integration Session Priority and Transitions should prioritize admin session over anonymous session","status":"passed","title":"should prioritize admin session over anonymous session","duration":2.417163999999957,"failureMessages":[],"meta":{}},{"ancestorTitles":["Authentication Persistence Integration","Session Priority and Transitions"],"fullName":"Authentication Persistence Integration Session Priority and Transitions should handle transition from admin to anonymous","status":"passed","title":"should handle transition from admin to anonymous","duration":10.46787100000006,"failureMessages":[],"meta":{}},{"ancestorTitles":["Authentication Persistence Integration","Error Handling and Edge Cases"],"fullName":"Authentication Persistence Integration Error Handling and Edge Cases should handle network errors during authentication","status":"passed","title":"should handle network errors during authentication","duration":15.560930999999982,"failureMessages":[],"meta":{}},{"ancestorTitles":["Authentication Persistence Integration","Error Handling and Edge Cases"],"fullName":"Authentication Persistence Integration Error Handling and Edge Cases should handle localStorage being disabled","status":"passed","title":"should handle localStorage being disabled","duration":4.30644899999993,"failureMessages":[],"meta":{}},{"ancestorTitles":["Authentication Persistence Integration","Error Handling and Edge Cases"],"fullName":"Authentication Persistence Integration Error Handling and Edge Cases should maintain loading state during authentication","status":"passed","title":"should maintain loading state during authentication","duration":4.460256999999956,"failureMessages":[],"meta":{}}],"startTime":1772572809248,"endTime":1772572809351.4602,"status":"passed","message":"","name":"/home/omi/projects/amogus/tests/integration/auth-persistence.test.ts"},{"assertionResults":[{"ancestorTitles":["Game Creation Integration","createGame with batch selection"],"fullName":"Game Creation Integration createGame with batch selection should create game with selected batch and default quest distribution","status":"passed","title":"should create game with selected batch and default quest distribution","duration":5.028310000000033,"failureMessages":[],"meta":{}},{"ancestorTitles":["Game Creation Integration","createGame with batch selection"],"fullName":"Game Creation Integration createGame with batch selection should create game with custom quest distribution","status":"passed","title":"should create game with custom quest distribution","duration":1.1540509999999813,"failureMessages":[],"meta":{}},{"ancestorTitles":["Game Creation Integration","createGame with batch selection"],"fullName":"Game Creation Integration createGame with batch selection should reject game creation when requested quests exceed available","status":"passed","title":"should reject game creation when requested quests exceed available","duration":0.5693129999999655,"failureMessages":[],"meta":{}},{"ancestorTitles":["Game Creation Integration","createGame with batch selection"],"fullName":"Game Creation Integration createGame with batch selection should create game without batch (using default pool)","status":"passed","title":"should create game without batch (using default pool)","duration":0.7339399999999614,"failureMessages":[],"meta":{}},{"ancestorTitles":["Game Creation Integration","createGame with batch selection"],"fullName":"Game Creation Integration createGame with batch selection should fail game creation when batch is not found","status":"passed","title":"should fail game creation when batch is not found","duration":0.3911759999999731,"failureMessages":[],"meta":{}},{"ancestorTitles":["Game Creation Integration","authentication"],"fullName":"Game Creation Integration authentication should reject game creation for unauthenticated users","status":"passed","title":"should reject game creation for unauthenticated users","duration":0.3605239999999412,"failureMessages":[],"meta":{}}],"startTime":1772572810329,"endTime":1772572810338.3606,"status":"passed","message":"","name":"/home/omi/projects/amogus/tests/integration/game-creation.test.ts"},{"assertionResults":[{"ancestorTitles":["Impostor Credible Tracker Integration"],"fullName":"Impostor Credible Tracker Integration should initialize and display fake quest list for impostors","status":"passed","title":"should initialize and display fake quest list for impostors","duration":190.26117900000008,"failureMessages":[],"meta":{}},{"ancestorTitles":["Impostor Credible Tracker Integration"],"fullName":"Impostor Credible Tracker Integration should show visual parity with crewmate display","status":"passed","title":"should show visual parity with crewmate display","duration":332.99462500000027,"failureMessages":[],"meta":{}},{"ancestorTitles":["Impostor Credible Tracker Integration"],"fullName":"Impostor Credible Tracker Integration should update progress when impostor scans QR codes","status":"passed","title":"should update progress when impostor scans QR codes","duration":70.66440599999987,"failureMessages":[],"meta":{}},{"ancestorTitles":["Impostor Credible Tracker Integration"],"fullName":"Impostor Credible Tracker Integration should not affect crewmate gameplay","status":"passed","title":"should not affect crewmate gameplay","duration":33.04903000000013,"failureMessages":[],"meta":{}}],"startTime":1772572807929,"endTime":1772572808556.049,"status":"passed","message":"","name":"/home/omi/projects/amogus/tests/integration/impostor-credible-tracker.test.ts"},{"assertionResults":[{"ancestorTitles":["Integration: Impostor Scan Flow"],"fullName":"Integration: Impostor Scan Flow should complete full impostor scan flow: immediate success -> auto redirect","status":"passed","title":"should complete full impostor scan flow: immediate success -> auto redirect","duration":125.34667300000001,"failureMessages":[],"meta":{}},{"ancestorTitles":["Integration: Impostor Scan Flow"],"fullName":"Integration: Impostor Scan Flow should maintain 2000ms success overlay timing matching crewmate experience","status":"passed","title":"should maintain 2000ms success overlay timing matching crewmate experience","duration":27.663177000000132,"failureMessages":[],"meta":{}},{"ancestorTitles":["Integration: Impostor Scan Flow"],"fullName":"Integration: Impostor Scan Flow should prevent any quest content network calls for impostors","status":"passed","title":"should prevent any quest content network calls for impostors","duration":20.71276499999999,"failureMessages":[],"meta":{}},{"ancestorTitles":["Integration: Impostor Scan Flow"],"fullName":"Integration: Impostor Scan Flow should handle completion errors gracefully for impostors","status":"passed","title":"should handle completion errors gracefully for impostors","duration":21.84934599999997,"failureMessages":[],"meta":{}},{"ancestorTitles":["Integration: Impostor Scan Flow"],"fullName":"Integration: Impostor Scan Flow should work with different quest durations for impostors","status":"passed","title":"should work with different quest durations for impostors","duration":22.60151699999983,"failureMessages":[],"meta":{}}],"startTime":1772572809373,"endTime":1772572809591.6016,"status":"passed","message":"","name":"/home/omi/projects/amogus/tests/integration/impostor-scan.test.tsx"},{"assertionResults":[{"ancestorTitles":["Real-time Lobby Integration Tests"],"fullName":"Real-time Lobby Integration Tests should simulate multi-player lobby scenario","status":"passed","title":"should simulate multi-player lobby scenario","duration":17.409245000000055,"failureMessages":[],"meta":{}},{"ancestorTitles":["Real-time Lobby Integration Tests"],"fullName":"Real-time Lobby Integration Tests should handle new player joining simulation","status":"passed","title":"should handle new player joining simulation","duration":3.026772999999821,"failureMessages":[],"meta":{}},{"ancestorTitles":["Real-time Lobby Integration Tests"],"fullName":"Real-time Lobby Integration Tests should simulate game start and player redirect flow","status":"passed","title":"should simulate game start and player redirect flow","duration":4.430633999999827,"failureMessages":[],"meta":{}},{"ancestorTitles":["Real-time Lobby Integration Tests"],"fullName":"Real-time Lobby Integration Tests should handle connection failures gracefully","status":"passed","title":"should handle connection failures gracefully","duration":7.733289000000013,"failureMessages":[],"meta":{}},{"ancestorTitles":["Real-time Lobby Integration Tests"],"fullName":"Real-time Lobby Integration Tests should maintain proper cleanup on unmount","status":"passed","title":"should maintain proper cleanup on unmount","duration":6.431487000000061,"failureMessages":[],"meta":{}},{"ancestorTitles":["Real-time Lobby Integration Tests"],"fullName":"Real-time Lobby Integration Tests should handle rapid player join scenarios","status":"passed","title":"should handle rapid player join scenarios","duration":2.6163790000000517,"failureMessages":[],"meta":{}}],"startTime":1772572809560,"endTime":1772572809601.6165,"status":"passed","message":"","name":"/home/omi/projects/amogus/tests/integration/real-time-lobby.test.ts"},{"assertionResults":[{"ancestorTitles":["User DB Actions (Multi-user)","registerUser"],"fullName":"User DB Actions (Multi-user) registerUser should reject empty username","status":"passed","title":"should reject empty username","duration":1.6475570000000062,"failureMessages":[],"meta":{}},{"ancestorTitles":["User DB Actions (Multi-user)","registerUser"],"fullName":"User DB Actions (Multi-user) registerUser should reject short password","status":"passed","title":"should reject short password","duration":0.3497860000001083,"failureMessages":[],"meta":{}},{"ancestorTitles":["User DB Actions (Multi-user)","registerUser"],"fullName":"User DB Actions (Multi-user) registerUser should reject if username already exists","status":"passed","title":"should reject if username already exists","duration":0.3776479999999083,"failureMessages":[],"meta":{}},{"ancestorTitles":["User DB Actions (Multi-user)","registerUser"],"fullName":"User DB Actions (Multi-user) registerUser should register user successfully with split keys","status":"passed","title":"should register user successfully with split keys","duration":3.844914000000017,"failureMessages":[],"meta":{}},{"ancestorTitles":["User DB Actions (Multi-user)","getUserById"],"fullName":"User DB Actions (Multi-user) getUserById should return error if user doesn't exist","status":"passed","title":"should return error if user doesn't exist","duration":0.5689340000000129,"failureMessages":[],"meta":{}},{"ancestorTitles":["User DB Actions (Multi-user)","getUserById"],"fullName":"User DB Actions (Multi-user) getUserById should return user if exists","status":"passed","title":"should return user if exists","duration":0.6081540000000132,"failureMessages":[],"meta":{}},{"ancestorTitles":["User DB Actions (Multi-user)","verifyUserCredentials"],"fullName":"User DB Actions (Multi-user) verifyUserCredentials should verify valid credentials","status":"passed","title":"should verify valid credentials","duration":0.6709879999999657,"failureMessages":[],"meta":{}},{"ancestorTitles":["User DB Actions (Multi-user)","usersExist"],"fullName":"User DB Actions (Multi-user) usersExist should return false if no username keys found","status":"passed","title":"should return false if no username keys found","duration":0.31209799999999177,"failureMessages":[],"meta":{}},{"ancestorTitles":["User DB Actions (Multi-user)","usersExist"],"fullName":"User DB Actions (Multi-user) usersExist should return true if username keys exist","status":"passed","title":"should return true if username keys exist","duration":0.4285409999999956,"failureMessages":[],"meta":{}}],"startTime":1772572810317,"endTime":1772572810326.4285,"status":"passed","message":"","name":"/home/omi/projects/amogus/tests/unit/admin-db-actions.test.ts"},{"assertionResults":[{"ancestorTitles":["Authentication Actions (Multi-user)","login"],"fullName":"Authentication Actions (Multi-user) login should reject invalid credentials","status":"passed","title":"should reject invalid credentials","duration":2.6797189999999773,"failureMessages":[],"meta":{}},{"ancestorTitles":["Authentication Actions (Multi-user)","login"],"fullName":"Authentication Actions (Multi-user) login should create session for valid credentials","status":"passed","title":"should create session for valid credentials","duration":0.5437600000000202,"failureMessages":[],"meta":{}},{"ancestorTitles":["Authentication Actions (Multi-user)","session management"],"fullName":"Authentication Actions (Multi-user) session management should create session with user data","status":"passed","title":"should create session with user data","duration":1.6446369999999888,"failureMessages":[],"meta":{}},{"ancestorTitles":["Authentication Actions (Multi-user)","session management"],"fullName":"Authentication Actions (Multi-user) session management should verify session and return user data","status":"passed","title":"should verify session and return user data","duration":1.6628900000000613,"failureMessages":[],"meta":{}}],"startTime":1772572810446,"endTime":1772572810452.6628,"status":"passed","message":"","name":"/home/omi/projects/amogus/tests/unit/auth-actions.test.ts"},{"assertionResults":[{"ancestorTitles":["Batch Actions","createBatch"],"fullName":"Batch Actions createBatch should create a batch successfully","status":"passed","title":"should create a batch successfully","duration":4.825947000000042,"failureMessages":[],"meta":{}},{"ancestorTitles":["Batch Actions","createBatch"],"fullName":"Batch Actions createBatch should handle Redis errors","status":"passed","title":"should handle Redis errors","duration":15.204089000000067,"failureMessages":[],"meta":{}},{"ancestorTitles":["Batch Actions","getAllBatches"],"fullName":"Batch Actions getAllBatches should retrieve all batches successfully","status":"passed","title":"should retrieve all batches successfully","duration":2.081709000000046,"failureMessages":[],"meta":{}},{"ancestorTitles":["Batch Actions","getAllBatches"],"fullName":"Batch Actions getAllBatches should handle empty batch list","status":"passed","title":"should handle empty batch list","duration":0.9732040000001234,"failureMessages":[],"meta":{}},{"ancestorTitles":["Batch Actions","getAllBatches"],"fullName":"Batch Actions getAllBatches should handle Redis errors","status":"passed","title":"should handle Redis errors","duration":1.4180840000001353,"failureMessages":[],"meta":{}},{"ancestorTitles":["Batch Actions","deleteBatch"],"fullName":"Batch Actions deleteBatch should delete a batch successfully","status":"passed","title":"should delete a batch successfully","duration":9.271745999999894,"failureMessages":[],"meta":{}},{"ancestorTitles":["Batch Actions","deleteBatch"],"fullName":"Batch Actions deleteBatch should fail if batch is in use by a game","status":"passed","title":"should fail if batch is in use by a game","duration":1.036922999999888,"failureMessages":[],"meta":{}},{"ancestorTitles":["Batch Actions","deleteBatch"],"fullName":"Batch Actions deleteBatch should handle non-existent batch","status":"passed","title":"should handle non-existent batch","duration":0.2724720000001071,"failureMessages":[],"meta":{}},{"ancestorTitles":["Batch Actions","deleteBatch"],"fullName":"Batch Actions deleteBatch should handle Redis errors","status":"passed","title":"should handle Redis errors","duration":1.600338999999849,"failureMessages":[],"meta":{}},{"ancestorTitles":["Batch Actions","updateQuestsLocations"],"fullName":"Batch Actions updateQuestsLocations should update quest locations successfully","status":"passed","title":"should update quest locations successfully","duration":1.2182259999999587,"failureMessages":[],"meta":{}},{"ancestorTitles":["Batch Actions","updateQuestsLocations"],"fullName":"Batch Actions updateQuestsLocations should preserve existing locations when not updated","status":"passed","title":"should preserve existing locations when not updated","duration":0.2815610000000106,"failureMessages":[],"meta":{}},{"ancestorTitles":["Batch Actions","updateQuestsLocations"],"fullName":"Batch Actions updateQuestsLocations should fail with invalid batch ID","status":"passed","title":"should fail with invalid batch ID","duration":0.15364900000008674,"failureMessages":[],"meta":{}},{"ancestorTitles":["Batch Actions","updateQuestsLocations"],"fullName":"Batch Actions updateQuestsLocations should fail with invalid locations object","status":"passed","title":"should fail with invalid locations object","duration":0.12673900000004323,"failureMessages":[],"meta":{}},{"ancestorTitles":["Batch Actions","updateQuestsLocations"],"fullName":"Batch Actions updateQuestsLocations should fail when batch not found","status":"passed","title":"should fail when batch not found","duration":0.14554799999996249,"failureMessages":[],"meta":{}},{"ancestorTitles":["Batch Actions","updateQuestsLocations"],"fullName":"Batch Actions updateQuestsLocations should handle Redis errors","status":"passed","title":"should handle Redis errors","duration":0.8415170000000671,"failureMessages":[],"meta":{}},{"ancestorTitles":["Batch Actions","getBatchData"],"fullName":"Batch Actions getBatchData should retrieve batch data successfully without session check","status":"passed","title":"should retrieve batch data successfully without session check","duration":0.6387159999999312,"failureMessages":[],"meta":{}},{"ancestorTitles":["Batch Actions","getBatchData"],"fullName":"Batch Actions getBatchData should fail with invalid batch ID","status":"passed","title":"should fail with invalid batch ID","duration":0.1457189999998718,"failureMessages":[],"meta":{}},{"ancestorTitles":["Batch Actions","getBatchData"],"fullName":"Batch Actions getBatchData should handle non-existent batch","status":"passed","title":"should handle non-existent batch","duration":0.15787299999988136,"failureMessages":[],"meta":{}},{"ancestorTitles":["Batch Actions","getBatch"],"fullName":"Batch Actions getBatch should retrieve batch successfully after session verification","status":"passed","title":"should retrieve batch successfully after session verification","duration":0.4131560000000718,"failureMessages":[],"meta":{}},{"ancestorTitles":["Batch Actions","getBatch"],"fullName":"Batch Actions getBatch should fail if session verification fails","status":"passed","title":"should fail if session verification fails","duration":0.19595400000002883,"failureMessages":[],"meta":{}}],"startTime":1772572809579,"endTime":1772572809621.413,"status":"passed","message":"","name":"/home/omi/projects/amogus/tests/unit/batch-actions.test.ts"},{"assertionResults":[{"ancestorTitles":["Batch Generator","generateBatch"],"fullName":"Batch Generator generateBatch should generate exact 1/3 split for divisible numbers","status":"passed","title":"should generate exact 1/3 split for divisible numbers","duration":3.255759000000012,"failureMessages":[],"meta":{}},{"ancestorTitles":["Batch Generator","generateBatch"],"fullName":"Batch Generator generateBatch should handle odd numbers with proper rounding","status":"passed","title":"should handle odd numbers with proper rounding","duration":0.7673979999999574,"failureMessages":[],"meta":{}},{"ancestorTitles":["Batch Generator","generateBatch"],"fullName":"Batch Generator generateBatch should assign valid quest types to all quests","status":"passed","title":"should assign valid quest types to all quests","duration":1.3012949999999819,"failureMessages":[],"meta":{}},{"ancestorTitles":["Batch Generator","generateBatch"],"fullName":"Batch Generator generateBatch should generate unique IDs for batch and all quests","status":"passed","title":"should generate unique IDs for batch and all quests","duration":0.5289109999999937,"failureMessages":[],"meta":{}},{"ancestorTitles":["Batch Generator","generateBatch"],"fullName":"Batch Generator generateBatch should create quests with required structure","status":"passed","title":"should create quests with required structure","duration":0.697283000000084,"failureMessages":[],"meta":{}},{"ancestorTitles":["Batch Generator","generateBatch"],"fullName":"Batch Generator generateBatch should set createdAt timestamp","status":"passed","title":"should set createdAt timestamp","duration":0.2580130000000054,"failureMessages":[],"meta":{}}],"startTime":1772572810322,"endTime":1772572810329.258,"status":"passed","message":"","name":"/home/omi/projects/amogus/tests/unit/batch-generator.test.ts"},{"assertionResults":[{"ancestorTitles":["PulseButton"],"fullName":"PulseButton should render children correctly","status":"passed","title":"should render children correctly","duration":30.952451999999994,"failureMessages":[],"meta":{}},{"ancestorTitles":["PulseButton"],"fullName":"PulseButton should show loading state","status":"passed","title":"should show loading state","duration":25.29783599999996,"failureMessages":[],"meta":{}},{"ancestorTitles":["PulseButton"],"fullName":"PulseButton should call onClick when clicked","status":"passed","title":"should call onClick when clicked","duration":237.9726780000001,"failureMessages":[],"meta":{}}],"startTime":1772572808620,"endTime":1772572808914.9727,"status":"passed","message":"","name":"/home/omi/projects/amogus/tests/unit/components.test.tsx"},{"assertionResults":[{"ancestorTitles":["DynamicContentMapper","getQuestContent"],"fullName":"DynamicContentMapper getQuestContent should return null immediately for impostor users","status":"passed","title":"should return null immediately for impostor users","duration":2.3298220000000356,"failureMessages":[],"meta":{}},{"ancestorTitles":["DynamicContentMapper","getQuestContent"],"fullName":"DynamicContentMapper getQuestContent should return content when quest metadata exists and no failed quests","status":"passed","title":"should return content when quest metadata exists and no failed quests","duration":3.302866999999992,"failureMessages":[],"meta":{}},{"ancestorTitles":["DynamicContentMapper","getQuestContent"],"fullName":"DynamicContentMapper getQuestContent should return rotated content when player has failed quests","status":"passed","title":"should return rotated content when player has failed quests","duration":1.0804449999999406,"failureMessages":[],"meta":{}},{"ancestorTitles":["DynamicContentMapper","getQuestContent"],"fullName":"DynamicContentMapper getQuestContent should return null when quest metadata not found","status":"passed","title":"should return null when quest metadata not found","duration":0.6628440000000637,"failureMessages":[],"meta":{}},{"ancestorTitles":["DynamicContentMapper","getQuestContent"],"fullName":"DynamicContentMapper getQuestContent should return fallback content when all content has been tried","status":"passed","title":"should return fallback content when all content has been tried","duration":1.3136329999999816,"failureMessages":[],"meta":{}},{"ancestorTitles":["DynamicContentMapper","getQuestContent"],"fullName":"DynamicContentMapper getQuestContent should return null when no content matches type and duration","status":"passed","title":"should return null when no content matches type and duration","duration":0.6991060000000289,"failureMessages":[],"meta":{}},{"ancestorTitles":["DynamicContentMapper","getQuestContent"],"fullName":"DynamicContentMapper getQuestContent should return 0 when player has not failed quests","status":"passed","title":"should return 0 when player has not failed quests","duration":0.47057300000005853,"failureMessages":[],"meta":{}},{"ancestorTitles":["DynamicContentMapper","getQuestContent"],"fullName":"DynamicContentMapper getQuestContent should return 0 when failed quests data is unavailable","status":"passed","title":"should return 0 when failed quests data is unavailable","duration":0.30134700000007797,"failureMessages":[],"meta":{}},{"ancestorTitles":["DynamicContentMapper","getQuestContent"],"fullName":"DynamicContentMapper getQuestContent should use cryptographically secure random selection","status":"passed","title":"should use cryptographically secure random selection","duration":0.8122119999999313,"failureMessages":[],"meta":{}}],"startTime":1772572810280,"endTime":1772572810291.8123,"status":"passed","message":"","name":"/home/omi/projects/amogus/tests/unit/dynamic-content-mapper.test.ts"},{"assertionResults":[{"ancestorTitles":["eliminatePlayer"],"fullName":"eliminatePlayer should successfully eliminate a player","status":"passed","title":"should successfully eliminate a player","duration":5.808610999999928,"failureMessages":[],"meta":{}},{"ancestorTitles":["eliminatePlayer"],"fullName":"eliminatePlayer should handle already eliminated player (idempotent)","status":"passed","title":"should handle already eliminated player (idempotent)","duration":0.5017770000001747,"failureMessages":[],"meta":{}},{"ancestorTitles":["eliminatePlayer"],"fullName":"eliminatePlayer should return error when game not found","status":"passed","title":"should return error when game not found","duration":6.9214300000001,"failureMessages":[],"meta":{}},{"ancestorTitles":["eliminatePlayer"],"fullName":"eliminatePlayer should return error when game not in progress","status":"passed","title":"should return error when game not in progress","duration":1.1624669999998787,"failureMessages":[],"meta":{}},{"ancestorTitles":["eliminatePlayer"],"fullName":"eliminatePlayer should return error when player not found","status":"passed","title":"should return error when player not found","duration":0.9259019999999509,"failureMessages":[],"meta":{}},{"ancestorTitles":["eliminatePlayer"],"fullName":"eliminatePlayer should handle Redis errors","status":"passed","title":"should handle Redis errors","duration":0.7910210000000006,"failureMessages":[],"meta":{}}],"startTime":1772572810295,"endTime":1772572810311.791,"status":"passed","message":"","name":"/home/omi/projects/amogus/tests/unit/elimination-action.test.ts"},{"assertionResults":[{"ancestorTitles":["EliminationButton"],"fullName":"EliminationButton renders button in default state","status":"passed","title":"renders button in default state","duration":358.19732699999986,"failureMessages":[],"meta":{}},{"ancestorTitles":["EliminationButton"],"fullName":"EliminationButton shows loading state when eliminating","status":"passed","title":"shows loading state when eliminating","duration":51.86848000000009,"failureMessages":[],"meta":{}},{"ancestorTitles":["EliminationButton"],"fullName":"EliminationButton is disabled when disabled prop is true","status":"passed","title":"is disabled when disabled prop is true","duration":35.641103999999814,"failureMessages":[],"meta":{}},{"ancestorTitles":["EliminationButton"],"fullName":"EliminationButton opens confirmation dialog when clicked","status":"passed","title":"opens confirmation dialog when clicked","duration":70.63189599999987,"failureMessages":[],"meta":{}},{"ancestorTitles":["EliminationButton"],"fullName":"EliminationButton calls onEliminate when confirmation is confirmed","status":"passed","title":"calls onEliminate when confirmation is confirmed","duration":92.46693000000005,"failureMessages":[],"meta":{}},{"ancestorTitles":["EliminationButton"],"fullName":"EliminationButton closes dialog when cancelled","status":"passed","title":"closes dialog when cancelled","duration":131.53067099999998,"failureMessages":[],"meta":{}},{"ancestorTitles":["EliminationButton"],"fullName":"EliminationButton provides haptic feedback when clicked","status":"passed","title":"provides haptic feedback when clicked","duration":44.07108599999992,"failureMessages":[],"meta":{}},{"ancestorTitles":["EliminationButton"],"fullName":"EliminationButton provides error haptic feedback when disabled","status":"passed","title":"provides error haptic feedback when disabled","duration":42.15132199999971,"failureMessages":[],"meta":{}},{"ancestorTitles":["EliminationButton"],"fullName":"EliminationButton provides error haptic feedback when eliminating","status":"passed","title":"provides error haptic feedback when eliminating","duration":32.102510000000166,"failureMessages":[],"meta":{}}],"startTime":1772572807178,"endTime":1772572808037.1025,"status":"passed","message":"","name":"/home/omi/projects/amogus/tests/unit/elimination-button.test.tsx"},{"assertionResults":[{"ancestorTitles":["Action Error Logic","getGame"],"fullName":"Action Error Logic getGame should return GAME_NOT_FOUND code when game does not exist","status":"passed","title":"should return GAME_NOT_FOUND code when game does not exist","duration":1.0042740000000094,"failureMessages":[],"meta":{}},{"ancestorTitles":["Action Error Logic","getGame"],"fullName":"Action Error Logic getGame should return ERR_SIGNAL_LOST code when KV fails","status":"passed","title":"should return ERR_SIGNAL_LOST code when KV fails","duration":2.51988300000005,"failureMessages":[],"meta":{}},{"ancestorTitles":["Action Error Logic","joinGame"],"fullName":"Action Error Logic joinGame should return GAME_NOT_FOUND code when game does not exist","status":"passed","title":"should return GAME_NOT_FOUND code when game does not exist","duration":0.24779499999999643,"failureMessages":[],"meta":{}},{"ancestorTitles":["Action Error Logic","joinGame"],"fullName":"Action Error Logic joinGame should return ERR_SIGNAL_LOST code when KV fails","status":"passed","title":"should return ERR_SIGNAL_LOST code when KV fails","duration":0.7493200000000115,"failureMessages":[],"meta":{}}],"startTime":1772572810474,"endTime":1772572810478.7493,"status":"passed","message":"","name":"/home/omi/projects/amogus/tests/unit/error-logic.test.ts"},{"assertionResults":[{"ancestorTitles":["createGame"],"fullName":"createGame should create a game and store it in KV","status":"passed","title":"should create a game and store it in KV","duration":4.411430000000109,"failureMessages":[],"meta":{}},{"ancestorTitles":["createGame"],"fullName":"createGame should return failure if KV fails","status":"passed","title":"should return failure if KV fails","duration":6.983386999999993,"failureMessages":[],"meta":{}},{"ancestorTitles":["getGame"],"fullName":"getGame should return game state if found","status":"passed","title":"should return game state if found","duration":1.0058670000000802,"failureMessages":[],"meta":{}},{"ancestorTitles":["getGame"],"fullName":"getGame should return failure if game not found","status":"passed","title":"should return failure if game not found","duration":0.3379770000001372,"failureMessages":[],"meta":{}},{"ancestorTitles":["getGame"],"fullName":"getGame should return failure if KV fails","status":"passed","title":"should return failure if KV fails","duration":1.2355419999998958,"failureMessages":[],"meta":{}},{"ancestorTitles":["completeQuest"],"fullName":"completeQuest should record quest completion successfully","status":"passed","title":"should record quest completion successfully","duration":0.9080270000001747,"failureMessages":[],"meta":{}},{"ancestorTitles":["completeQuest"],"fullName":"completeQuest should prevent duplicate quest completion (idempotent)","status":"passed","title":"should prevent duplicate quest completion (idempotent)","duration":0.5399260000001505,"failureMessages":[],"meta":{}},{"ancestorTitles":["completeQuest"],"fullName":"completeQuest should return error when game not found","status":"passed","title":"should return error when game not found","duration":0.1899630000000343,"failureMessages":[],"meta":{}},{"ancestorTitles":["completeQuest"],"fullName":"completeQuest should return error when player not found","status":"passed","title":"should return error when player not found","duration":0.24648400000000947,"failureMessages":[],"meta":{}},{"ancestorTitles":["completeQuest"],"fullName":"completeQuest should return error when game is not IN_PROGRESS","status":"passed","title":"should return error when game is not IN_PROGRESS","duration":0.32386300000007395,"failureMessages":[],"meta":{}},{"ancestorTitles":["completeQuest"],"fullName":"completeQuest should return error on Redis failure","status":"passed","title":"should return error on Redis failure","duration":1.2575540000000274,"failureMessages":[],"meta":{}}],"startTime":1772572810098,"endTime":1772572810117.2576,"status":"passed","message":"","name":"/home/omi/projects/amogus/tests/unit/game-actions.test.ts"},{"assertionResults":[{"ancestorTitles":["GameHome"],"fullName":"GameHome should render Game Cockpit title","status":"passed","title":"should render Game Cockpit title","duration":125.28867900000023,"failureMessages":[],"meta":{}},{"ancestorTitles":["GameHome"],"fullName":"GameHome should render ACTIVE status indicator","status":"passed","title":"should render ACTIVE status indicator","duration":19.57509200000004,"failureMessages":[],"meta":{}},{"ancestorTitles":["GameHome"],"fullName":"GameHome should render role badge for Crewmate","status":"passed","title":"should render role badge for Crewmate","duration":28.60852399999976,"failureMessages":[],"meta":{}},{"ancestorTitles":["GameHome"],"fullName":"GameHome should render role badge for Impostor","status":"passed","title":"should render role badge for Impostor","duration":47.78583299999991,"failureMessages":[],"meta":{}},{"ancestorTitles":["GameHome"],"fullName":"GameHome should render player list with all players","status":"passed","title":"should render player list with all players","duration":21.79136299999982,"failureMessages":[],"meta":{}},{"ancestorTitles":["GameHome"],"fullName":"GameHome should show player count in player list header","status":"passed","title":"should show player count in player list header","duration":34.06877200000008,"failureMessages":[],"meta":{}},{"ancestorTitles":["GameHome"],"fullName":"GameHome should highlight current player with YOU badge","status":"passed","title":"should highlight current player with YOU badge","duration":15.854938000000402,"failureMessages":[],"meta":{}},{"ancestorTitles":["GameHome"],"fullName":"GameHome should render SCAN button","status":"passed","title":"should render SCAN button","duration":13.829714999999851,"failureMessages":[],"meta":{}},{"ancestorTitles":["GameHome"],"fullName":"GameHome should render SCAN button as enabled button","status":"passed","title":"should render SCAN button as enabled button","duration":303.39613499999996,"failureMessages":[],"meta":{}},{"ancestorTitles":["GameHome"],"fullName":"GameHome should not show 'Bientôt disponible' on SCAN button","status":"passed","title":"should not show 'Bientôt disponible' on SCAN button","duration":22.201962000000094,"failureMessages":[],"meta":{}},{"ancestorTitles":["GameHome"],"fullName":"GameHome should render quest progress for Crewmate","status":"passed","title":"should render quest progress for Crewmate","duration":17.15276999999969,"failureMessages":[],"meta":{}},{"ancestorTitles":["GameHome"],"fullName":"GameHome should render quest progress for Impostor","status":"passed","title":"should render quest progress for Impostor","duration":20.47622599999977,"failureMessages":[],"meta":{}},{"ancestorTitles":["GameHome"],"fullName":"GameHome should render 'Retour à l'accueil' link","status":"passed","title":"should render 'Retour à l'accueil' link","duration":16.975228999999672,"failureMessages":[],"meta":{}},{"ancestorTitles":["GameHome"],"fullName":"GameHome should have a link to home page","status":"passed","title":"should have a link to home page","duration":16.561161000000084,"failureMessages":[],"meta":{}},{"ancestorTitles":["GameHome"],"fullName":"GameHome should render footer with role info","status":"passed","title":"should render footer with role info","duration":19.882716999999957,"failureMessages":[],"meta":{}},{"ancestorTitles":["GameHome"],"fullName":"GameHome should render screen reader text for game status","status":"passed","title":"should render screen reader text for game status","duration":14.980765000000247,"failureMessages":[],"meta":{}}],"startTime":1772572807897,"endTime":1772572808635.9807,"status":"passed","message":"","name":"/home/omi/projects/amogus/tests/unit/game-home.test.tsx"},{"assertionResults":[{"ancestorTitles":["GameStore - Role Selection"],"fullName":"GameStore - Role Selection should successfully select CREWMATE role","status":"passed","title":"should successfully select CREWMATE role","duration":1.241469000000052,"failureMessages":[],"meta":{}},{"ancestorTitles":["GameStore - Role Selection"],"fullName":"GameStore - Role Selection should successfully select IMPOSTOR role","status":"passed","title":"should successfully select IMPOSTOR role","duration":0.3073980000000347,"failureMessages":[],"meta":{}},{"ancestorTitles":["GameStore - Role Selection"],"fullName":"GameStore - Role Selection should set isSelectingRole to true during role selection","status":"passed","title":"should set isSelectingRole to true during role selection","duration":0.22547799999995277,"failureMessages":[],"meta":{}},{"ancestorTitles":["GameStore - Role Selection"],"fullName":"GameStore - Role Selection should handle role selection error","status":"passed","title":"should handle role selection error","duration":0.3185120000000552,"failureMessages":[],"meta":{}},{"ancestorTitles":["GameStore - Role Selection"],"fullName":"GameStore - Role Selection should clear roleError when starting new role selection","status":"passed","title":"should clear roleError when starting new role selection","duration":0.23750199999994948,"failureMessages":[],"meta":{}},{"ancestorTitles":["GameStore - Role Selection"],"fullName":"GameStore - Role Selection should reset role state when reset is called","status":"passed","title":"should reset role state when reset is called","duration":0.14485899999999674,"failureMessages":[],"meta":{}}],"startTime":1772572810532,"endTime":1772572810534.3186,"status":"passed","message":"","name":"/home/omi/projects/amogus/tests/unit/game-store-role.test.ts"},{"assertionResults":[{"ancestorTitles":["game-store"],"fullName":"game-store should have initial state","status":"passed","title":"should have initial state","duration":1.972387000000026,"failureMessages":[],"meta":{}},{"ancestorTitles":["game-store"],"fullName":"game-store should update state on successful fetchGame","status":"passed","title":"should update state on successful fetchGame","duration":1.5176880000001347,"failureMessages":[],"meta":{}},{"ancestorTitles":["game-store"],"fullName":"game-store should set error state on fetchGame failure","status":"passed","title":"should set error state on fetchGame failure","duration":0.5191540000000714,"failureMessages":[],"meta":{}},{"ancestorTitles":["game-store"],"fullName":"game-store should update state on successful join","status":"passed","title":"should update state on successful join","duration":0.9213529999999537,"failureMessages":[],"meta":{}},{"ancestorTitles":["game-store"],"fullName":"game-store should update state on successful launch","status":"passed","title":"should update state on successful launch","duration":0.5911439999999857,"failureMessages":[],"meta":{}},{"ancestorTitles":["game-store"],"fullName":"game-store should set error state on launch failure","status":"passed","title":"should set error state on launch failure","duration":0.8306460000001152,"failureMessages":[],"meta":{}},{"ancestorTitles":["game-store","questAnswered"],"fullName":"game-store questAnswered should have questAnswered default to false","status":"passed","title":"should have questAnswered default to false","duration":0.9870449999998527,"failureMessages":[],"meta":{}},{"ancestorTitles":["game-store","questAnswered"],"fullName":"game-store questAnswered should set questAnswered to true via setQuestAnswered","status":"passed","title":"should set questAnswered to true via setQuestAnswered","duration":0.3080290000000332,"failureMessages":[],"meta":{}},{"ancestorTitles":["game-store","questAnswered"],"fullName":"game-store questAnswered should set questAnswered back to false via setQuestAnswered","status":"passed","title":"should set questAnswered back to false via setQuestAnswered","duration":0.3844400000000405,"failureMessages":[],"meta":{}},{"ancestorTitles":["game-store","questAnswered"],"fullName":"game-store questAnswered should reset questAnswered when clearQuest is called","status":"passed","title":"should reset questAnswered when clearQuest is called","duration":0.6242440000000897,"failureMessages":[],"meta":{}},{"ancestorTitles":["game-store","questAnswered"],"fullName":"game-store questAnswered should reset questAnswered when reset is called","status":"passed","title":"should reset questAnswered when reset is called","duration":0.2617119999999886,"failureMessages":[],"meta":{}},{"ancestorTitles":["game-store","completeQuestAction"],"fullName":"game-store completeQuestAction should call completeQuest server action and update questsCompleted","status":"passed","title":"should call completeQuest server action and update questsCompleted","duration":1.3443969999998444,"failureMessages":[],"meta":{}},{"ancestorTitles":["game-store","completeQuestAction"],"fullName":"game-store completeQuestAction should set loading state during completion","status":"passed","title":"should set loading state during completion","duration":0.45811299999991206,"failureMessages":[],"meta":{}},{"ancestorTitles":["game-store","completeQuestAction"],"fullName":"game-store completeQuestAction should set completionError on failure","status":"passed","title":"should set completionError on failure","duration":0.2664919999999711,"failureMessages":[],"meta":{}},{"ancestorTitles":["game-store","completeQuestAction"],"fullName":"game-store completeQuestAction should return true on success and false on failure","status":"passed","title":"should return true on success and false on failure","duration":0.3522100000000137,"failureMessages":[],"meta":{}},{"ancestorTitles":["game-store","fetchGame quest progress sync"],"fullName":"game-store fetchGame quest progress sync should sync questsCompleted from player completedQuests","status":"failed","title":"should sync questsCompleted from player completedQuests","duration":19.461049999999886,"failureMessages":["AssertionError: expected NaN to be 9 // Object.is equality\n    at /home/omi/projects/amogus/tests/unit/game-store.test.ts:193:39\n    at processTicksAndRejections (node:internal/process/task_queues:103:5)\n    at file:///home/omi/projects/amogus/node_modules/@vitest/runner/dist/index.js:915:20"],"meta":{}},{"ancestorTitles":["game-store","fetchGame quest progress sync"],"fullName":"game-store fetchGame quest progress sync should default questsCompleted to 0 when completedQuests is undefined","status":"failed","title":"should default questsCompleted to 0 when completedQuests is undefined","duration":1.3036879999999655,"failureMessages":["AssertionError: expected NaN to be 9 // Object.is equality\n    at /home/omi/projects/amogus/tests/unit/game-store.test.ts:211:39\n    at processTicksAndRejections (node:internal/process/task_queues:103:5)\n    at file:///home/omi/projects/amogus/node_modules/@vitest/runner/dist/index.js:915:20"],"meta":{}},{"ancestorTitles":["game-store","clearQuest and reset with completion state"],"fullName":"game-store clearQuest and reset with completion state should reset completion state when clearQuest is called","status":"passed","title":"should reset completion state when clearQuest is called","duration":0.37384899999983645,"failureMessages":[],"meta":{}},{"ancestorTitles":["game-store","clearQuest and reset with completion state"],"fullName":"game-store clearQuest and reset with completion state should reset completion state when reset is called","status":"passed","title":"should reset completion state when reset is called","duration":0.20647699999994984,"failureMessages":[],"meta":{}}],"startTime":1772572807100,"endTime":1772572807133.3738,"status":"failed","message":"","name":"/home/omi/projects/amogus/tests/unit/game-store.test.ts"},{"assertionResults":[{"ancestorTitles":["Impostor Quest Tracker","Fake Quest Assignment Generation"],"fullName":"Impostor Quest Tracker Fake Quest Assignment Generation should generate fake quest assignments for impostors","status":"passed","title":"should generate fake quest assignments for impostors","duration":18.86845399999993,"failureMessages":[],"meta":{}},{"ancestorTitles":["Impostor Quest Tracker","Fake Quest Assignment Generation"],"fullName":"Impostor Quest Tracker Fake Quest Assignment Generation should match crewmate quest distribution","status":"passed","title":"should match crewmate quest distribution","duration":5.28474499999993,"failureMessages":[],"meta":{}},{"ancestorTitles":["Impostor Quest Tracker","Progress Tracking"],"fullName":"Impostor Quest Tracker Progress Tracking should track impostor progress locally","status":"passed","title":"should track impostor progress locally","duration":3.81537400000002,"failureMessages":[],"meta":{}},{"ancestorTitles":["Impostor Quest Tracker","Progress Tracking"],"fullName":"Impostor Quest Tracker Progress Tracking should calculate progress percentage correctly","status":"passed","title":"should calculate progress percentage correctly","duration":4.593640999999934,"failureMessages":[],"meta":{}},{"ancestorTitles":["Impostor Quest Tracker","Visual Parity"],"fullName":"Impostor Quest Tracker Visual Parity should provide quest data for impostor display","status":"passed","title":"should provide quest data for impostor display","duration":6.324607999999898,"failureMessages":[],"meta":{}}],"startTime":1772572809338,"endTime":1772572809377.3247,"status":"passed","message":"","name":"/home/omi/projects/amogus/tests/unit/impostor-quest-tracker.test.ts"},{"assertionResults":[{"ancestorTitles":["joinGame"],"fullName":"joinGame should successfully add a player to an existing game","status":"passed","title":"should successfully add a player to an existing game","duration":3.4316550000000916,"failureMessages":[],"meta":{}},{"ancestorTitles":["joinGame"],"fullName":"joinGame should not add a player if they are already in the game","status":"passed","title":"should not add a player if they are already in the game","duration":0.3913270000000466,"failureMessages":[],"meta":{}},{"ancestorTitles":["joinGame"],"fullName":"joinGame should return error if game does not exist","status":"passed","title":"should return error if game does not exist","duration":0.21656499999994594,"failureMessages":[],"meta":{}},{"ancestorTitles":["joinGame"],"fullName":"joinGame should return error for invalid UUID signature","status":"passed","title":"should return error for invalid UUID signature","duration":0.2382710000000543,"failureMessages":[],"meta":{}}],"startTime":1772572810497,"endTime":1772572810501.3914,"status":"passed","message":"","name":"/home/omi/projects/amogus/tests/unit/join-game.test.ts"},{"assertionResults":[{"ancestorTitles":["PDF Utils","generateQuestPDF"],"fullName":"PDF Utils generateQuestPDF should attempt to generate PDF for all quests","status":"passed","title":"should attempt to generate PDF for all quests","duration":7.137696000000005,"failureMessages":[],"meta":{}},{"ancestorTitles":["PDF Utils","generateQuestPDF"],"fullName":"PDF Utils generateQuestPDF should handle long location names with wrapping","status":"passed","title":"should handle long location names with wrapping","duration":1.239144000000124,"failureMessages":[],"meta":{}},{"ancestorTitles":["PDF Utils","generateQuestPDF"],"fullName":"PDF Utils generateQuestPDF should continue generation if one QR code fails","status":"passed","title":"should continue generation if one QR code fails","duration":5.480653000000075,"failureMessages":[],"meta":{}},{"ancestorTitles":["PDF Utils","generateQuestPDF"],"fullName":"PDF Utils generateQuestPDF should position text correctly for all grid positions","status":"passed","title":"should position text correctly for all grid positions","duration":4.318526999999904,"failureMessages":[],"meta":{}}],"startTime":1772572809841,"endTime":1772572809859.3186,"status":"passed","message":"","name":"/home/omi/projects/amogus/tests/unit/pdf-utils.test.ts"},{"assertionResults":[{"ancestorTitles":["Quest Assignment Verification"],"fullName":"Quest Assignment Verification should show error when quest is NOT assigned to player in a batch game","status":"passed","title":"should show error when quest is NOT assigned to player in a batch game","duration":111.91584799999964,"failureMessages":[],"meta":{}},{"ancestorTitles":["Quest Assignment Verification"],"fullName":"Quest Assignment Verification should allow access when quest IS assigned to player in a batch game","status":"failed","title":"should allow access when quest IS assigned to player in a batch game","duration":35.29286500000035,"failureMessages":["TypeError: games.filter is not a function\n    at getRandomQuestGame (/home/omi/projects/amogus/lib/constants/quest-pool.ts:27:33)\n    at loadQuestGame (/home/omi/projects/amogus/components/game/quest-view.tsx:62:30)\n    at /home/omi/projects/amogus/components/game/quest-view.tsx:68:9\n    at Object.react_stack_bottom_frame (/home/omi/projects/amogus/node_modules/react-dom/cjs/react-dom-client.development.js:25989:20)\n    at runWithFiberInDEV (/home/omi/projects/amogus/node_modules/react-dom/cjs/react-dom-client.development.js:874:13)\n    at commitHookEffectListMount (/home/omi/projects/amogus/node_modules/react-dom/cjs/react-dom-client.development.js:13249:29)\n    at commitHookPassiveMountEffects (/home/omi/projects/amogus/node_modules/react-dom/cjs/react-dom-client.development.js:13336:11)\n    at reconnectPassiveEffects (/home/omi/projects/amogus/node_modules/react-dom/cjs/react-dom-client.development.js:15832:11)\n    at recursivelyTraverseReconnectPassiveEffects (/home/omi/projects/amogus/node_modules/react-dom/cjs/react-dom-client.development.js:15784:9)\n    at reconnectPassiveEffects (/home/omi/projects/amogus/node_modules/react-dom/cjs/react-dom-client.development.js:15824:11)"],"meta":{}},{"ancestorTitles":["Quest Assignment Verification"],"fullName":"Quest Assignment Verification should allow access when game is NOT from a batch","status":"failed","title":"should allow access when game is NOT from a batch","duration":17.822991000000002,"failureMessages":["TypeError: games.filter is not a function\n    at getRandomQuestGame (/home/omi/projects/amogus/lib/constants/quest-pool.ts:27:33)\n    at loadQuestGame (/home/omi/projects/amogus/components/game/quest-view.tsx:62:30)\n    at /home/omi/projects/amogus/components/game/quest-view.tsx:68:9\n    at Object.react_stack_bottom_frame (/home/omi/projects/amogus/node_modules/react-dom/cjs/react-dom-client.development.js:25989:20)\n    at runWithFiberInDEV (/home/omi/projects/amogus/node_modules/react-dom/cjs/react-dom-client.development.js:874:13)\n    at commitHookEffectListMount (/home/omi/projects/amogus/node_modules/react-dom/cjs/react-dom-client.development.js:13249:29)\n    at commitHookPassiveMountEffects (/home/omi/projects/amogus/node_modules/react-dom/cjs/react-dom-client.development.js:13336:11)\n    at reconnectPassiveEffects (/home/omi/projects/amogus/node_modules/react-dom/cjs/react-dom-client.development.js:15832:11)\n    at recursivelyTraverseReconnectPassiveEffects (/home/omi/projects/amogus/node_modules/react-dom/cjs/react-dom-client.development.js:15784:9)\n    at reconnectPassiveEffects (/home/omi/projects/amogus/node_modules/react-dom/cjs/react-dom-client.development.js:15824:11)"],"meta":{}},{"ancestorTitles":["Quest Assignment Verification"],"fullName":"Quest Assignment Verification should restrict IMPOSTORS to their fake assigned quests when scanning","status":"passed","title":"should restrict IMPOSTORS to their fake assigned quests when scanning","duration":27.270196999999825,"failureMessages":[],"meta":{}}],"startTime":1772572807768,"endTime":1772572807961.2703,"status":"failed","message":"","name":"/home/omi/projects/amogus/tests/unit/quest-assignment-verification.test.tsx"},{"assertionResults":[{"ancestorTitles":["quest-calculations","getTotalQuests"],"fullName":"quest-calculations getTotalQuests should return the sum of questsPerPlayer when gameState is provided","status":"passed","title":"should return the sum of questsPerPlayer when gameState is provided","duration":1.4850380000000314,"failureMessages":[],"meta":{}},{"ancestorTitles":["quest-calculations","getTotalQuests"],"fullName":"quest-calculations getTotalQuests should return different sum for different configuration","status":"passed","title":"should return different sum for different configuration","duration":0.3463019999999233,"failureMessages":[],"meta":{}},{"ancestorTitles":["quest-calculations","getTotalQuests"],"fullName":"quest-calculations getTotalQuests should fallback to pool size when no gameState or configuration provided","status":"failed","title":"should fallback to pool size when no gameState or configuration provided","duration":9.096890999999914,"failureMessages":["AssertionError: expected NaN to be greater than 0\n    at /home/omi/projects/amogus/tests/unit/quest-calculations.test.ts:36:27\n    at file:///home/omi/projects/amogus/node_modules/@vitest/runner/dist/index.js:145:11\n    at file:///home/omi/projects/amogus/node_modules/@vitest/runner/dist/index.js:915:26\n    at file:///home/omi/projects/amogus/node_modules/@vitest/runner/dist/index.js:1243:20\n    at new Promise (<anonymous>)\n    at runWithTimeout (file:///home/omi/projects/amogus/node_modules/@vitest/runner/dist/index.js:1209:10)\n    at file:///home/omi/projects/amogus/node_modules/@vitest/runner/dist/index.js:1653:37\n    at Traces.$ (file:///home/omi/projects/amogus/node_modules/vitest/dist/chunks/traces.CCmnQaNT.js:142:27)\n    at trace (file:///home/omi/projects/amogus/node_modules/vitest/dist/chunks/test.B8ej_ZHS.js:239:21)\n    at runTest (file:///home/omi/projects/amogus/node_modules/@vitest/runner/dist/index.js:1653:12)"],"meta":{}},{"ancestorTitles":["quest-calculations","calculateGlobalProgress"],"fullName":"quest-calculations calculateGlobalProgress should calculate correctly based on questsPerPlayer","status":"passed","title":"should calculate correctly based on questsPerPlayer","duration":0.4006730000000971,"failureMessages":[],"meta":{}},{"ancestorTitles":["quest-calculations","calculatePlayerProgress"],"fullName":"quest-calculations calculatePlayerProgress should calculate correctly based on questsPerPlayer","status":"passed","title":"should calculate correctly based on questsPerPlayer","duration":0.4046579999999267,"failureMessages":[],"meta":{}}],"startTime":1772572807039,"endTime":1772572807051.4045,"status":"failed","message":"","name":"/home/omi/projects/amogus/tests/unit/quest-calculations.test.ts"},{"assertionResults":[{"ancestorTitles":["QuestPage"],"fullName":"QuestPage should show loading state when isLoading is true","status":"passed","title":"should show loading state when isLoading is true","duration":34.109136000000035,"failureMessages":[],"meta":{}},{"ancestorTitles":["QuestPage"],"fullName":"QuestPage should show error when game fetch fails","status":"passed","title":"should show error when game fetch fails","duration":62.096367999999984,"failureMessages":[],"meta":{}},{"ancestorTitles":["QuestPage"],"fullName":"QuestPage should show error for invalid duration param","status":"passed","title":"should show error for invalid duration param","duration":17.48129599999993,"failureMessages":[],"meta":{}},{"ancestorTitles":["QuestPage"],"fullName":"QuestPage should show error for missing duration param","status":"passed","title":"should show error for missing duration param","duration":19.355155000000195,"failureMessages":[],"meta":{}},{"ancestorTitles":["QuestPage"],"fullName":"QuestPage should show error when game is not IN_PROGRESS","status":"failed","title":"should show error when game is not IN_PROGRESS","duration":34.98233900000014,"failureMessages":["TypeError: games.filter is not a function\n    at getRandomQuestGame (/home/omi/projects/amogus/lib/constants/quest-pool.ts:27:33)\n    at /home/omi/projects/amogus/app/game/[id]/quest/page.tsx:143:35\n    at Object.react_stack_bottom_frame (/home/omi/projects/amogus/node_modules/react-dom/cjs/react-dom-client.development.js:25989:20)\n    at runWithFiberInDEV (/home/omi/projects/amogus/node_modules/react-dom/cjs/react-dom-client.development.js:874:13)\n    at commitHookEffectListMount (/home/omi/projects/amogus/node_modules/react-dom/cjs/react-dom-client.development.js:13249:29)\n    at commitHookPassiveMountEffects (/home/omi/projects/amogus/node_modules/react-dom/cjs/react-dom-client.development.js:13336:11)\n    at reconnectPassiveEffects (/home/omi/projects/amogus/node_modules/react-dom/cjs/react-dom-client.development.js:15832:11)\n    at recursivelyTraverseReconnectPassiveEffects (/home/omi/projects/amogus/node_modules/react-dom/cjs/react-dom-client.development.js:15784:9)\n    at commitPassiveMountOnFiber (/home/omi/projects/amogus/node_modules/react-dom/cjs/react-dom-client.development.js:15675:17)\n    at recursivelyTraversePassiveMountEffects (/home/omi/projects/amogus/node_modules/react-dom/cjs/react-dom-client.development.js:15439:11)"],"meta":{}},{"ancestorTitles":["QuestPage"],"fullName":"QuestPage should show error when player is not in game","status":"failed","title":"should show error when player is not in game","duration":49.31282299999975,"failureMessages":["TypeError: games.filter is not a function\n    at getRandomQuestGame (/home/omi/projects/amogus/lib/constants/quest-pool.ts:27:33)\n    at /home/omi/projects/amogus/app/game/[id]/quest/page.tsx:143:35\n    at Object.react_stack_bottom_frame (/home/omi/projects/amogus/node_modules/react-dom/cjs/react-dom-client.development.js:25989:20)\n    at runWithFiberInDEV (/home/omi/projects/amogus/node_modules/react-dom/cjs/react-dom-client.development.js:874:13)\n    at commitHookEffectListMount (/home/omi/projects/amogus/node_modules/react-dom/cjs/react-dom-client.development.js:13249:29)\n    at commitHookPassiveMountEffects (/home/omi/projects/amogus/node_modules/react-dom/cjs/react-dom-client.development.js:13336:11)\n    at reconnectPassiveEffects (/home/omi/projects/amogus/node_modules/react-dom/cjs/react-dom-client.development.js:15832:11)\n    at recursivelyTraverseReconnectPassiveEffects (/home/omi/projects/amogus/node_modules/react-dom/cjs/react-dom-client.development.js:15784:9)\n    at commitPassiveMountOnFiber (/home/omi/projects/amogus/node_modules/react-dom/cjs/react-dom-client.development.js:15675:17)\n    at recursivelyTraversePassiveMountEffects (/home/omi/projects/amogus/node_modules/react-dom/cjs/react-dom-client.development.js:15439:11)"],"meta":{}},{"ancestorTitles":["QuestPage"],"fullName":"QuestPage should show error when player has no role","status":"failed","title":"should show error when player has no role","duration":16.407987999999932,"failureMessages":["TypeError: games.filter is not a function\n    at getRandomQuestGame (/home/omi/projects/amogus/lib/constants/quest-pool.ts:27:33)\n    at /home/omi/projects/amogus/app/game/[id]/quest/page.tsx:143:35\n    at Object.react_stack_bottom_frame (/home/omi/projects/amogus/node_modules/react-dom/cjs/react-dom-client.development.js:25989:20)\n    at runWithFiberInDEV (/home/omi/projects/amogus/node_modules/react-dom/cjs/react-dom-client.development.js:874:13)\n    at commitHookEffectListMount (/home/omi/projects/amogus/node_modules/react-dom/cjs/react-dom-client.development.js:13249:29)\n    at commitHookPassiveMountEffects (/home/omi/projects/amogus/node_modules/react-dom/cjs/react-dom-client.development.js:13336:11)\n    at reconnectPassiveEffects (/home/omi/projects/amogus/node_modules/react-dom/cjs/react-dom-client.development.js:15832:11)\n    at recursivelyTraverseReconnectPassiveEffects (/home/omi/projects/amogus/node_modules/react-dom/cjs/react-dom-client.development.js:15784:9)\n    at commitPassiveMountOnFiber (/home/omi/projects/amogus/node_modules/react-dom/cjs/react-dom-client.development.js:15675:17)\n    at recursivelyTraversePassiveMountEffects (/home/omi/projects/amogus/node_modules/react-dom/cjs/react-dom-client.development.js:15439:11)"],"meta":{}},{"ancestorTitles":["QuestPage"],"fullName":"QuestPage should render quest view when quest is loaded","status":"failed","title":"should render quest view when quest is loaded","duration":18.667296999999962,"failureMessages":["TypeError: games.filter is not a function\n    at getRandomQuestGame (/home/omi/projects/amogus/lib/constants/quest-pool.ts:27:33)\n    at loadQuestGame (/home/omi/projects/amogus/components/game/quest-view.tsx:62:30)\n    at /home/omi/projects/amogus/components/game/quest-view.tsx:68:9\n    at Object.react_stack_bottom_frame (/home/omi/projects/amogus/node_modules/react-dom/cjs/react-dom-client.development.js:25989:20)\n    at runWithFiberInDEV (/home/omi/projects/amogus/node_modules/react-dom/cjs/react-dom-client.development.js:874:13)\n    at commitHookEffectListMount (/home/omi/projects/amogus/node_modules/react-dom/cjs/react-dom-client.development.js:13249:29)\n    at commitHookPassiveMountEffects (/home/omi/projects/amogus/node_modules/react-dom/cjs/react-dom-client.development.js:13336:11)\n    at reconnectPassiveEffects (/home/omi/projects/amogus/node_modules/react-dom/cjs/react-dom-client.development.js:15832:11)\n    at recursivelyTraverseReconnectPassiveEffects (/home/omi/projects/amogus/node_modules/react-dom/cjs/react-dom-client.development.js:15784:9)\n    at reconnectPassiveEffects (/home/omi/projects/amogus/node_modules/react-dom/cjs/react-dom-client.development.js:15824:11)"],"meta":{}},{"ancestorTitles":["QuestPage"],"fullName":"QuestPage should call fetchGame on mount","status":"passed","title":"should call fetchGame on mount","duration":5.776086000000305,"failureMessages":[],"meta":{}},{"ancestorTitles":["QuestPage"],"fullName":"QuestPage should show already-completed guard when quest is in player's completedQuests","status":"passed","title":"should show already-completed guard when quest is in player's completedQuests","duration":7.853076000000328,"failureMessages":[],"meta":{}},{"ancestorTitles":["QuestPage"],"fullName":"QuestPage should set a simulated quest and not a real one if player is an IMPOSTOR","status":"passed","title":"should set a simulated quest and not a real one if player is an IMPOSTOR","duration":3.7369149999999536,"failureMessages":[],"meta":{}}],"startTime":1772572807746,"endTime":1772572808016.7368,"status":"failed","message":"","name":"/home/omi/projects/amogus/tests/unit/quest-page.test.tsx"},{"assertionResults":[{"ancestorTitles":["Quest Pool Dynamic Functions","getRandomQuestGameWithExclusion"],"fullName":"Quest Pool Dynamic Functions getRandomQuestGameWithExclusion should return a quest game not in exclusion list","status":"failed","title":"should return a quest game not in exclusion list","duration":5.566937000000053,"failureMessages":["TypeError: games.filter is not a function\n    at Proxy.getRandomQuestGameWithExclusion (/home/omi/projects/amogus/lib/constants/quest-pool.ts:46:33)\n    at /home/omi/projects/amogus/tests/unit/quest-pool-dynamic.test.ts:59:28\n    at file:///home/omi/projects/amogus/node_modules/@vitest/runner/dist/index.js:145:11\n    at file:///home/omi/projects/amogus/node_modules/@vitest/runner/dist/index.js:915:26\n    at file:///home/omi/projects/amogus/node_modules/@vitest/runner/dist/index.js:1243:20\n    at new Promise (<anonymous>)\n    at runWithTimeout (file:///home/omi/projects/amogus/node_modules/@vitest/runner/dist/index.js:1209:10)\n    at file:///home/omi/projects/amogus/node_modules/@vitest/runner/dist/index.js:1653:37\n    at Traces.$ (file:///home/omi/projects/amogus/node_modules/vitest/dist/chunks/traces.CCmnQaNT.js:142:27)\n    at trace (file:///home/omi/projects/amogus/node_modules/vitest/dist/chunks/test.B8ej_ZHS.js:239:21)"],"meta":{}},{"ancestorTitles":["Quest Pool Dynamic Functions","getRandomQuestGameWithExclusion"],"fullName":"Quest Pool Dynamic Functions getRandomQuestGameWithExclusion should return fallback when all content is excluded","status":"failed","title":"should return fallback when all content is excluded","duration":0.5998710000001211,"failureMessages":["TypeError: games.filter is not a function\n    at Proxy.getRandomQuestGameWithExclusion (/home/omi/projects/amogus/lib/constants/quest-pool.ts:46:33)\n    at /home/omi/projects/amogus/tests/unit/quest-pool-dynamic.test.ts:77:28\n    at file:///home/omi/projects/amogus/node_modules/@vitest/runner/dist/index.js:145:11\n    at file:///home/omi/projects/amogus/node_modules/@vitest/runner/dist/index.js:915:26\n    at file:///home/omi/projects/amogus/node_modules/@vitest/runner/dist/index.js:1243:20\n    at new Promise (<anonymous>)\n    at runWithTimeout (file:///home/omi/projects/amogus/node_modules/@vitest/runner/dist/index.js:1209:10)\n    at file:///home/omi/projects/amogus/node_modules/@vitest/runner/dist/index.js:1653:37\n    at Traces.$ (file:///home/omi/projects/amogus/node_modules/vitest/dist/chunks/traces.CCmnQaNT.js:142:27)\n    at trace (file:///home/omi/projects/amogus/node_modules/vitest/dist/chunks/test.B8ej_ZHS.js:239:21)"],"meta":{}},{"ancestorTitles":["Quest Pool Dynamic Functions","getRandomQuestGameWithExclusion"],"fullName":"Quest Pool Dynamic Functions getRandomQuestGameWithExclusion should return null when no content matches type","status":"failed","title":"should return null when no content matches type","duration":0.5699920000001839,"failureMessages":["TypeError: games.filter is not a function\n    at Proxy.getRandomQuestGameWithExclusion (/home/omi/projects/amogus/lib/constants/quest-pool.ts:46:33)\n    at /home/omi/projects/amogus/tests/unit/quest-pool-dynamic.test.ts:95:28\n    at file:///home/omi/projects/amogus/node_modules/@vitest/runner/dist/index.js:145:11\n    at file:///home/omi/projects/amogus/node_modules/@vitest/runner/dist/index.js:915:26\n    at file:///home/omi/projects/amogus/node_modules/@vitest/runner/dist/index.js:1243:20\n    at new Promise (<anonymous>)\n    at runWithTimeout (file:///home/omi/projects/amogus/node_modules/@vitest/runner/dist/index.js:1209:10)\n    at file:///home/omi/projects/amogus/node_modules/@vitest/runner/dist/index.js:1653:37\n    at Traces.$ (file:///home/omi/projects/amogus/node_modules/vitest/dist/chunks/traces.CCmnQaNT.js:142:27)\n    at trace (file:///home/omi/projects/amogus/node_modules/vitest/dist/chunks/test.B8ej_ZHS.js:239:21)"],"meta":{}},{"ancestorTitles":["Quest Pool Dynamic Functions","getRandomQuestGameWithExclusion"],"fullName":"Quest Pool Dynamic Functions getRandomQuestGameWithExclusion should handle empty exclusion list","status":"failed","title":"should handle empty exclusion list","duration":0.6685990000000857,"failureMessages":["TypeError: games.filter is not a function\n    at Proxy.getRandomQuestGameWithExclusion (/home/omi/projects/amogus/lib/constants/quest-pool.ts:46:33)\n    at /home/omi/projects/amogus/tests/unit/quest-pool-dynamic.test.ts:110:28\n    at file:///home/omi/projects/amogus/node_modules/@vitest/runner/dist/index.js:145:11\n    at file:///home/omi/projects/amogus/node_modules/@vitest/runner/dist/index.js:915:26\n    at file:///home/omi/projects/amogus/node_modules/@vitest/runner/dist/index.js:1243:20\n    at new Promise (<anonymous>)\n    at runWithTimeout (file:///home/omi/projects/amogus/node_modules/@vitest/runner/dist/index.js:1209:10)\n    at file:///home/omi/projects/amogus/node_modules/@vitest/runner/dist/index.js:1653:37\n    at Traces.$ (file:///home/omi/projects/amogus/node_modules/vitest/dist/chunks/traces.CCmnQaNT.js:142:27)\n    at trace (file:///home/omi/projects/amogus/node_modules/vitest/dist/chunks/test.B8ej_ZHS.js:239:21)"],"meta":{}},{"ancestorTitles":["Quest Pool Dynamic Functions","getSecureRandomQuestGameWithExclusion"],"fullName":"Quest Pool Dynamic Functions getSecureRandomQuestGameWithExclusion should use cryptographically secure random selection","status":"failed","title":"should use cryptographically secure random selection","duration":0.9583949999998822,"failureMessages":["TypeError: games.filter is not a function\n    at Proxy.getSecureRandomQuestGameWithExclusion (/home/omi/projects/amogus/lib/constants/quest-pool.ts:75:33)\n    at /home/omi/projects/amogus/tests/unit/quest-pool-dynamic.test.ts:130:28\n    at file:///home/omi/projects/amogus/node_modules/@vitest/runner/dist/index.js:145:11\n    at file:///home/omi/projects/amogus/node_modules/@vitest/runner/dist/index.js:915:26\n    at file:///home/omi/projects/amogus/node_modules/@vitest/runner/dist/index.js:1243:20\n    at new Promise (<anonymous>)\n    at runWithTimeout (file:///home/omi/projects/amogus/node_modules/@vitest/runner/dist/index.js:1209:10)\n    at file:///home/omi/projects/amogus/node_modules/@vitest/runner/dist/index.js:1653:37\n    at Traces.$ (file:///home/omi/projects/amogus/node_modules/vitest/dist/chunks/traces.CCmnQaNT.js:142:27)\n    at trace (file:///home/omi/projects/amogus/node_modules/vitest/dist/chunks/test.B8ej_ZHS.js:239:21)"],"meta":{}},{"ancestorTitles":["Quest Pool Dynamic Functions","getSecureRandomQuestGameWithExclusion"],"fullName":"Quest Pool Dynamic Functions getSecureRandomQuestGameWithExclusion should return fallback when all content is excluded","status":"failed","title":"should return fallback when all content is excluded","duration":0.5090770000001612,"failureMessages":["TypeError: games.filter is not a function\n    at Proxy.getSecureRandomQuestGameWithExclusion (/home/omi/projects/amogus/lib/constants/quest-pool.ts:75:33)\n    at /home/omi/projects/amogus/tests/unit/quest-pool-dynamic.test.ts:151:28\n    at file:///home/omi/projects/amogus/node_modules/@vitest/runner/dist/index.js:145:11\n    at file:///home/omi/projects/amogus/node_modules/@vitest/runner/dist/index.js:915:26\n    at file:///home/omi/projects/amogus/node_modules/@vitest/runner/dist/index.js:1243:20\n    at new Promise (<anonymous>)\n    at runWithTimeout (file:///home/omi/projects/amogus/node_modules/@vitest/runner/dist/index.js:1209:10)\n    at file:///home/omi/projects/amogus/node_modules/@vitest/runner/dist/index.js:1653:37\n    at Traces.$ (file:///home/omi/projects/amogus/node_modules/vitest/dist/chunks/traces.CCmnQaNT.js:142:27)\n    at trace (file:///home/omi/projects/amogus/node_modules/vitest/dist/chunks/test.B8ej_ZHS.js:239:21)"],"meta":{}},{"ancestorTitles":["Quest Pool Dynamic Functions","getSecureRandomQuestGameWithExclusion"],"fullName":"Quest Pool Dynamic Functions getSecureRandomQuestGameWithExclusion should return null when no content matches type","status":"failed","title":"should return null when no content matches type","duration":0.49444500000004155,"failureMessages":["TypeError: games.filter is not a function\n    at Proxy.getSecureRandomQuestGameWithExclusion (/home/omi/projects/amogus/lib/constants/quest-pool.ts:75:33)\n    at /home/omi/projects/amogus/tests/unit/quest-pool-dynamic.test.ts:170:28\n    at file:///home/omi/projects/amogus/node_modules/@vitest/runner/dist/index.js:145:11\n    at file:///home/omi/projects/amogus/node_modules/@vitest/runner/dist/index.js:915:26\n    at file:///home/omi/projects/amogus/node_modules/@vitest/runner/dist/index.js:1243:20\n    at new Promise (<anonymous>)\n    at runWithTimeout (file:///home/omi/projects/amogus/node_modules/@vitest/runner/dist/index.js:1209:10)\n    at file:///home/omi/projects/amogus/node_modules/@vitest/runner/dist/index.js:1653:37\n    at Traces.$ (file:///home/omi/projects/amogus/node_modules/vitest/dist/chunks/traces.CCmnQaNT.js:142:27)\n    at trace (file:///home/omi/projects/amogus/node_modules/vitest/dist/chunks/test.B8ej_ZHS.js:239:21)"],"meta":{}},{"ancestorTitles":["Quest Pool Dynamic Functions","getSecureRandomQuestGameWithExclusion"],"fullName":"Quest Pool Dynamic Functions getSecureRandomQuestGameWithExclusion should handle empty exclusion list with secure random","status":"failed","title":"should handle empty exclusion list with secure random","duration":0.4124259999998685,"failureMessages":["TypeError: games.filter is not a function\n    at Proxy.getSecureRandomQuestGameWithExclusion (/home/omi/projects/amogus/lib/constants/quest-pool.ts:75:33)\n    at /home/omi/projects/amogus/tests/unit/quest-pool-dynamic.test.ts:186:28\n    at file:///home/omi/projects/amogus/node_modules/@vitest/runner/dist/index.js:145:11\n    at file:///home/omi/projects/amogus/node_modules/@vitest/runner/dist/index.js:915:26\n    at file:///home/omi/projects/amogus/node_modules/@vitest/runner/dist/index.js:1243:20\n    at new Promise (<anonymous>)\n    at runWithTimeout (file:///home/omi/projects/amogus/node_modules/@vitest/runner/dist/index.js:1209:10)\n    at file:///home/omi/projects/amogus/node_modules/@vitest/runner/dist/index.js:1653:37\n    at Traces.$ (file:///home/omi/projects/amogus/node_modules/vitest/dist/chunks/traces.CCmnQaNT.js:142:27)\n    at trace (file:///home/omi/projects/amogus/node_modules/vitest/dist/chunks/test.B8ej_ZHS.js:239:21)"],"meta":{}}],"startTime":1772572806998,"endTime":1772572807008.4124,"status":"failed","message":"","name":"/home/omi/projects/amogus/tests/unit/quest-pool-dynamic.test.ts"},{"assertionResults":[{"ancestorTitles":["quest-pool","getQuestGamesByDuration"],"fullName":"quest-pool getQuestGamesByDuration should return quest games for 'short' duration","status":"failed","title":"should return quest games for 'short' duration","duration":7.705286999999998,"failureMessages":["TypeError: actual value must be number or bigint, received \"undefined\"\n    at assertTypes (file:///home/omi/projects/amogus/node_modules/@vitest/utils/dist/helpers.js:56:9)\n    at Proxy.<anonymous> (file:///home/omi/projects/amogus/node_modules/@vitest/expect/dist/index.js:1277:3)\n    at Proxy.<anonymous> (file:///home/omi/projects/amogus/node_modules/@vitest/expect/dist/index.js:1090:14)\n    at Proxy.methodWrapper (file:///home/omi/projects/amogus/node_modules/chai/index.js:1700:25)\n    at /home/omi/projects/amogus/tests/unit/quest-pool.test.ts:9:34\n    at file:///home/omi/projects/amogus/node_modules/@vitest/runner/dist/index.js:145:11\n    at file:///home/omi/projects/amogus/node_modules/@vitest/runner/dist/index.js:915:26\n    at file:///home/omi/projects/amogus/node_modules/@vitest/runner/dist/index.js:1243:20\n    at new Promise (<anonymous>)\n    at runWithTimeout (file:///home/omi/projects/amogus/node_modules/@vitest/runner/dist/index.js:1209:10)"],"meta":{}},{"ancestorTitles":["quest-pool","getQuestGamesByDuration"],"fullName":"quest-pool getQuestGamesByDuration should return quest games for 'medium' duration","status":"failed","title":"should return quest games for 'medium' duration","duration":0.7304200000000947,"failureMessages":["TypeError: actual value must be number or bigint, received \"undefined\"\n    at assertTypes (file:///home/omi/projects/amogus/node_modules/@vitest/utils/dist/helpers.js:56:9)\n    at Proxy.<anonymous> (file:///home/omi/projects/amogus/node_modules/@vitest/expect/dist/index.js:1277:3)\n    at Proxy.<anonymous> (file:///home/omi/projects/amogus/node_modules/@vitest/expect/dist/index.js:1090:14)\n    at Proxy.methodWrapper (file:///home/omi/projects/amogus/node_modules/chai/index.js:1700:25)\n    at /home/omi/projects/amogus/tests/unit/quest-pool.test.ts:15:34\n    at file:///home/omi/projects/amogus/node_modules/@vitest/runner/dist/index.js:145:11\n    at file:///home/omi/projects/amogus/node_modules/@vitest/runner/dist/index.js:915:26\n    at file:///home/omi/projects/amogus/node_modules/@vitest/runner/dist/index.js:1243:20\n    at new Promise (<anonymous>)\n    at runWithTimeout (file:///home/omi/projects/amogus/node_modules/@vitest/runner/dist/index.js:1209:10)"],"meta":{}},{"ancestorTitles":["quest-pool","getQuestGamesByDuration"],"fullName":"quest-pool getQuestGamesByDuration should return quest games for 'long' duration","status":"failed","title":"should return quest games for 'long' duration","duration":0.8531749999999647,"failureMessages":["TypeError: actual value must be number or bigint, received \"undefined\"\n    at assertTypes (file:///home/omi/projects/amogus/node_modules/@vitest/utils/dist/helpers.js:56:9)\n    at Proxy.<anonymous> (file:///home/omi/projects/amogus/node_modules/@vitest/expect/dist/index.js:1277:3)\n    at Proxy.<anonymous> (file:///home/omi/projects/amogus/node_modules/@vitest/expect/dist/index.js:1090:14)\n    at Proxy.methodWrapper (file:///home/omi/projects/amogus/node_modules/chai/index.js:1700:25)\n    at /home/omi/projects/amogus/tests/unit/quest-pool.test.ts:21:34\n    at file:///home/omi/projects/amogus/node_modules/@vitest/runner/dist/index.js:145:11\n    at file:///home/omi/projects/amogus/node_modules/@vitest/runner/dist/index.js:915:26\n    at file:///home/omi/projects/amogus/node_modules/@vitest/runner/dist/index.js:1243:20\n    at new Promise (<anonymous>)\n    at runWithTimeout (file:///home/omi/projects/amogus/node_modules/@vitest/runner/dist/index.js:1209:10)"],"meta":{}},{"ancestorTitles":["quest-pool","getQuestGamesByDuration"],"fullName":"quest-pool getQuestGames
[...]
\u001b[39m=\u001b[32m\"p-3 border border-red-500/20 bg-red-500/5\"\u001b[39m\n            \u001b[36m>\u001b[39m\n              \u001b[36m<div\u001b[39m\n                \u001b[33mclass\u001b[39m=\u001b[32m\"text-lg font-bold text-red-400\"\u001b[39m\n              \u001b[36m>\u001b[39m\n                \u001b[0m1\u001b[0m\n              \u001b[36m</div>\u001b[39m\n              \u001b[36m<div\u001b[39m\n                \u001b[33mclass\u001b[39m=\u001b[32m\"text-[8px] text-red-400/50 tracking-widest uppercase\"\u001b[39m\n              \u001b[36m>\u001b[39m\n                \u001b[0mImpostors\u001b[0m\n              \u001b[36m</div>\u001b[39m\n            \u001b[36m</div>\u001b[39m\n          \u001b[36m</div>\u001b[39m\n        \u001b[36m</div>\u001b[39m\n        \u001b[36m<div\u001b[39m\n          \u001b[33mclass\u001b[39m=\u001b[32m\"space-y-2\"\u001b[39m\n        \u001b[36m>\u001b[39m\n          \u001b[36m<div\u001b[39m\n            \u001b[33mclass\u001b[39m=\u001b[32m\"text-[8px] text-primary/50 tracking-widest uppercase\"\u001b[39m\n          \u001b[36m>\u001b[39m\n            \u001b[0mQuest Progress\u001b[0m\n          \u001b[36m</div>\u001b[39m\n          \u001b[36m<div\u001b[39m\n            \u001b[33mclass\u001b[39m=\u001b[32m\"p-3 border border-white/20 bg-white/5\"\u001b[39m\n          \u001b[36m>\u001b[39m\n            \u001b[36m<div\u001b[39m\n              \u001b[33mclass\u001b[39m=\u001b[32m\"flex justify-between items-center\"\u001b[39m\n            \u001b[36m>\u001b[39m\n              \u001b[36m<div>\u001b[39m\n                \u001b[36m<div\u001b[39m\n                  \u001b[33mclass\u001b[39m=\u001b[32m\"text-lg font-bold text-muted-foreground\"\u001b[39m\n                \u001b[36m>\u001b[39m\n                  \u001b[0m3\u001b[0m\n                \u001b[36m</div>\u001b[39m\n                \u001b[36m<div\u001b[39m\n                  \u001b[33mclass\u001b[39m=\u001b[32m\"text-[8px] text-muted-foreground/50 tracking-widest uppercase\"\u001b[39m\n                \u001b[36m>\u001b[39m\n                  \u001b[0mCompleted\u001b[0m\n                \u001b[36m</div>\u001b[39m\n              \u001b[36m</div>\u001b[39m\n              \u001b[36m<div\u001b[39m\n                \u001b[33mclass\u001b[39m=\u001b[32m\"text-right\"\u001b[39m\n              \u001b[36m>\u001b[39m\n                \u001b[36m<div\u001b[39m\n                  \u001b[33mclass\u001b[39m=\u001b[32m\"text-lg font-bold text-primary/50\"\u001b[39m\n                \u001b[36m>\u001b[39m\n                  \u001b[0mNaN\u001b[0m\n                \u001b[36m</div>\u001b[39m\n                \u001b[36m<div\u001b[39m\n                  \u001b[33mclass\u001b[39m=\u001b[32m\"text-[8px] text-primary/30 tracking-widest uppercase\"\u001b[39m\n                \u001b[36m>\u001b[39m\n                  \u001b[0mPossible\u001b[0m\n                \u001b[36m</div>\u001b[39m\n              \u001b[36m</div>\u001b[39m\n            \u001b[36m</div>\u001b[39m\n          \u001b[36m</div>\u001b[39m\n        \u001b[36m</div>\u001b[39m\n        \u001b[36m<div\u001b[39m\n          \u001b[33mclass\u001b[39m=\u001b[32m\"space-y-2\"\u001b[39m\n        \u001b[36m>\u001b[39m\n          \u001b[36m<div\u001b[39m\n            \u001b[33mclass\u001b[39m=\u001b[32m\"text-[8px] text-primary/50 tracking-widest uppercase\"\u001b[39m\n          \u001b[36m>\u001b[39m\n            \u001b[0mCrew Performance\u001b[0m\n          \u001b[36m</div>\u001b[39m\n          \u001b[36m<div\u001b[39m\n            \u001b[33mclass\u001b[39m=\u001b[32m\"p-3 border border-primary/20 bg-primary/5\"\u001b[39m\n          \u001b[36m>\u001b[39m\n            \u001b[36m<div\u001b[39m\n              \u001b[33mclass\u001b[39m=\u001b[32m\"text-lg font-bold text-primary\"\u001b[39m\n            \u001b[36m>\u001b[39m\n              \u001b[0m0.0\u001b[0m\n              \u001b[0m%\u001b[0m\n            \u001b[36m</div>\u001b[39m\n            \u001b[36m<div\u001b[39m\n              \u001b[33mclass\u001b[39m=\u001b[32m\"text-[8px] text-primary/50 tracking-widest uppercase\"\u001b[39m\n            \u001b[36m>\u001b[39m\n              \u001b[0mAverage Progress\u001b[0m\n            \u001b[36m</div>\u001b[39m\n          \u001b[36m</div>\u001b[39m\n        \u001b[36m</div>\u001b[39m\n        \u001b[36m<div\u001b[39m\n          \u001b[33mclass\u001b[39m=\u001b[32m\"p-3 border border-white/10 bg-white/5\"\u001b[39m\n        \u001b[36m>\u001b[39m\n          \u001b[36m<div\u001b[39m\n            \u001b[33mclass\u001b[39m=\u001b[32m\"text-xs font-mono text-muted-foreground break-all\"\u001b[39m\n          \u001b[36m>\u001b[39m\n            \u001b[0mtest-game-id\u001b[0m\n          \u001b[36m</div>\u001b[39m\n          \u001b[36m<div\u001b[39m\n            \u001b[33mclass\u001b[39m=\u001b[32m\"text-[8px] text-muted-foreground/50 tracking-widest uppercase mt-1\"\u001b[39m\n          \u001b[36m>\u001b[39m\n            \u001b[0mGame Identifier\u001b[0m\n          \u001b[36m</div>\u001b[39m\n        \u001b[36m</div>\u001b[39m\n      \u001b[36m</div>\u001b[39m\n    \u001b[36m</div>\u001b[39m\n  \u001b[36m</div>\u001b[39m\n\u001b[36m</body>\u001b[39m\n    at Object.getElementError (/home/omi/projects/amogus/node_modules/@testing-library/dom/dist/config.js:37:19)\n    at /home/omi/projects/amogus/node_modules/@testing-library/dom/dist/query-helpers.js:76:38\n    at /home/omi/projects/amogus/node_modules/@testing-library/dom/dist/query-helpers.js:52:17\n    at /home/omi/projects/amogus/node_modules/@testing-library/dom/dist/query-helpers.js:95:19\n    at /home/omi/projects/amogus/tests/unit/admin/tracker.test.tsx:216:23\n    at file:///home/omi/projects/amogus/node_modules/@vitest/runner/dist/index.js:145:11\n    at file:///home/omi/projects/amogus/node_modules/@vitest/runner/dist/index.js:915:26\n    at file:///home/omi/projects/amogus/node_modules/@vitest/runner/dist/index.js:1243:20\n    at new Promise (<anonymous>)\n    at runWithTimeout (file:///home/omi/projects/amogus/node_modules/@vitest/runner/dist/index.js:1209:10)"],"meta":{}},{"ancestorTitles":["TrackerStats"],"fullName":"TrackerStats should display game identifier","status":"passed","title":"should display game identifier","duration":4.452001999999993,"failureMessages":[],"meta":{}}],"startTime":1772572807202,"endTime":1772572807565.452,"status":"failed","message":"","name":"/home/omi/projects/amogus/tests/unit/admin/tracker.test.tsx"},{"assertionResults":[{"ancestorTitles":["CameraScanner"],"fullName":"CameraScanner renders scanner UI when isOpen is true","status":"passed","title":"renders scanner UI when isOpen is true","duration":132.37240099999985,"failureMessages":[],"meta":{}},{"ancestorTitles":["CameraScanner"],"fullName":"CameraScanner does not render scanner when isOpen is false","status":"passed","title":"does not render scanner when isOpen is false","duration":5.213434000000007,"failureMessages":[],"meta":{}},{"ancestorTitles":["CameraScanner"],"fullName":"CameraScanner initializes and starts scanning with environment mode on open","status":"passed","title":"initializes and starts scanning with environment mode on open","duration":40.889635,"failureMessages":[],"meta":{}},{"ancestorTitles":["CameraScanner"],"fullName":"CameraScanner extracts quest IDs from various alphanumeric formats","status":"passed","title":"extracts quest IDs from various alphanumeric formats","duration":20.652217999999948,"failureMessages":[],"meta":{}},{"ancestorTitles":["CameraScanner"],"fullName":"CameraScanner vibrates on successful scan","status":"passed","title":"vibrates on successful scan","duration":28.01215400000001,"failureMessages":[],"meta":{}},{"ancestorTitles":["CameraScanner"],"fullName":"CameraScanner calls onClose when close button is clicked","status":"passed","title":"calls onClose when close button is clicked","duration":28.084353000000192,"failureMessages":[],"meta":{}},{"ancestorTitles":["CameraScanner"],"fullName":"CameraScanner shows eliminated screen when eliminated Impostor tries to scan","status":"passed","title":"shows eliminated screen when eliminated Impostor tries to scan","duration":16.108385999999882,"failureMessages":[],"meta":{}},{"ancestorTitles":["CameraScanner"],"fullName":"CameraScanner shows Ghost Mode overlay when eliminated Crewmate tries to scan","status":"passed","title":"shows Ghost Mode overlay when eliminated Crewmate tries to scan","duration":19.767982000000075,"failureMessages":[],"meta":{}},{"ancestorTitles":["CameraScanner"],"fullName":"CameraScanner handles camera initialization errors","status":"passed","title":"handles camera initialization errors","duration":66.40562099999988,"failureMessages":[],"meta":{}},{"ancestorTitles":["CameraScanner"],"fullName":"CameraScanner handles retry functionality","status":"passed","title":"handles retry functionality","duration":101.58351399999992,"failureMessages":[],"meta":{}}],"startTime":1772572808736,"endTime":1772572809195.5835,"status":"passed","message":"","name":"/home/omi/projects/amogus/tests/unit/components/camera-scanner.test.tsx"},{"assertionResults":[{"ancestorTitles":["EliminatedScreen"],"fullName":"EliminatedScreen renders eliminated screen with proper styling","status":"passed","title":"renders eliminated screen with proper styling","duration":57.525331999999935,"failureMessages":[],"meta":{}},{"ancestorTitles":["EliminatedScreen"],"fullName":"EliminatedScreen displays player name and Ghost Mode status","status":"passed","title":"displays player name and Ghost Mode status","duration":26.00540100000012,"failureMessages":[],"meta":{}},{"ancestorTitles":["EliminatedScreen"],"fullName":"EliminatedScreen shows Ghost Mode capabilities for Crewmates","status":"passed","title":"shows Ghost Mode capabilities for Crewmates","duration":12.449890000000096,"failureMessages":[],"meta":{}},{"ancestorTitles":["EliminatedScreen"],"fullName":"EliminatedScreen renders correctly for Impostors without Ghost Mode info","status":"passed","title":"renders correctly for Impostors without Ghost Mode info","duration":39.03718700000013,"failureMessages":[],"meta":{}},{"ancestorTitles":["EliminatedScreen"],"fullName":"EliminatedScreen has proper visual styling for Ghost Mode","status":"passed","title":"has proper visual styling for Ghost Mode","duration":18.476194000000078,"failureMessages":[],"meta":{}},{"ancestorTitles":["EliminatedScreen"],"fullName":"EliminatedScreen calls onDismiss when close button is clicked","status":"passed","title":"calls onDismiss when close button is clicked","duration":12.426036000000067,"failureMessages":[],"meta":{}},{"ancestorTitles":["EliminatedScreen"],"fullName":"EliminatedScreen renders return to lobby link","status":"passed","title":"renders return to lobby link","duration":7.377889000000096,"failureMessages":[],"meta":{}},{"ancestorTitles":["EliminatedScreen"],"fullName":"EliminatedScreen works without player name","status":"passed","title":"works without player name","duration":25.43597899999986,"failureMessages":[],"meta":{}},{"ancestorTitles":["EliminatedScreen"],"fullName":"EliminatedScreen works without onDismiss callback","status":"passed","title":"works without onDismiss callback","duration":16.65652,"failureMessages":[],"meta":{}}],"startTime":1772572808796,"endTime":1772572809012.6565,"status":"passed","message":"","name":"/home/omi/projects/amogus/tests/unit/components/eliminated-screen.test.tsx"},{"assertionResults":[{"ancestorTitles":["useAuth","Admin Session"],"fullName":"useAuth Admin Session should detect admin session when API returns valid session","status":"passed","title":"should detect admin session when API returns valid session","duration":82.5697909999999,"failureMessages":[],"meta":{}},{"ancestorTitles":["useAuth","Admin Session"],"fullName":"useAuth Admin Session should handle admin session verification failure","status":"passed","title":"should handle admin session verification failure","duration":56.451409999999896,"failureMessages":[],"meta":{}},{"ancestorTitles":["useAuth","Admin Session"],"fullName":"useAuth Admin Session should refresh admin session periodically","status":"passed","title":"should refresh admin session periodically","duration":59.81959299999994,"failureMessages":[],"meta":{}},{"ancestorTitles":["useAuth","Anonymous Session"],"fullName":"useAuth Anonymous Session should load anonymous session from localStorage","status":"passed","title":"should load anonymous session from localStorage","duration":59.200873999999885,"failureMessages":[],"meta":{}},{"ancestorTitles":["useAuth","Anonymous Session"],"fullName":"useAuth Anonymous Session should set anonymous session","status":"passed","title":"should set anonymous session","duration":62.87313300000005,"failureMessages":[],"meta":{}},{"ancestorTitles":["useAuth","Anonymous Session"],"fullName":"useAuth Anonymous Session should clear anonymous session","status":"passed","title":"should clear anonymous session","duration":66.84516699999995,"failureMessages":[],"meta":{}},{"ancestorTitles":["useAuth","Anonymous Session"],"fullName":"useAuth Anonymous Session should not override admin session with anonymous session","status":"passed","title":"should not override admin session with anonymous session","duration":54.233977000000095,"failureMessages":[],"meta":{}},{"ancestorTitles":["useAuth","Session Management"],"fullName":"useAuth Session Management should handle localStorage errors gracefully","status":"passed","title":"should handle localStorage errors gracefully","duration":57.57418099999995,"failureMessages":[],"meta":{}},{"ancestorTitles":["useAuth","Session Management"],"fullName":"useAuth Session Management should prioritize admin session over anonymous session","status":"passed","title":"should prioritize admin session over anonymous session","duration":55.55183799999986,"failureMessages":[],"meta":{}}],"startTime":1772572807017,"endTime":1772572807573.5518,"status":"passed","message":"","name":"/home/omi/projects/amogus/tests/unit/hooks/use-auth.test.ts"},{"assertionResults":[{"ancestorTitles":["useCameraScanner"],"fullName":"useCameraScanner should initialize with closed scanner","status":"passed","title":"should initialize with closed scanner","duration":18.098455999999942,"failureMessages":[],"meta":{}},{"ancestorTitles":["useCameraScanner"],"fullName":"useCameraScanner should open scanner when openScanner is called","status":"passed","title":"should open scanner when openScanner is called","duration":5.989599999999882,"failureMessages":[],"meta":{}},{"ancestorTitles":["useCameraScanner"],"fullName":"useCameraScanner should close scanner when closeScanner is called","status":"passed","title":"should close scanner when closeScanner is called","duration":6.208916000000045,"failureMessages":[],"meta":{}},{"ancestorTitles":["useCameraScanner"],"fullName":"useCameraScanner should navigate to quest route when QR code is scanned","status":"passed","title":"should navigate to quest route when QR code is scanned","duration":6.8859289999998055,"failureMessages":[],"meta":{}},{"ancestorTitles":["useCameraScanner"],"fullName":"useCameraScanner should handle navigation without gameId gracefully","status":"passed","title":"should handle navigation without gameId gracefully","duration":6.520872000000054,"failureMessages":[],"meta":{}},{"ancestorTitles":["useCameraScanner"],"fullName":"useCameraScanner should provide haptic feedback on successful scan","status":"passed","title":"should provide haptic feedback on successful scan","duration":3.70030399999996,"failureMessages":[],"meta":{}},{"ancestorTitles":["useCameraScanner"],"fullName":"useCameraScanner should handle navigation errors gracefully","status":"passed","title":"should handle navigation errors gracefully","duration":2.9736250000000837,"failureMessages":[],"meta":{}},{"ancestorTitles":["useCameraScanner"],"fullName":"useCameraScanner should try fallback navigation on error","status":"passed","title":"should try fallback navigation on error","duration":2.9107080000001133,"failureMessages":[],"meta":{}}],"startTime":1772572809220,"endTime":1772572809273.9106,"status":"passed","message":"","name":"/home/omi/projects/amogus/tests/unit/hooks/use-camera-scanner.test.ts"},{"assertionResults":[{"ancestorTitles":["PlayerQuestProgress"],"fullName":"PlayerQuestProgress should render quest progress overview","status":"passed","title":"should render quest progress overview","duration":107.75466899999992,"failureMessages":[],"meta":{}},{"ancestorTitles":["PlayerQuestProgress"],"fullName":"PlayerQuestProgress should show progress bar with correct percentage","status":"passed","title":"should show progress bar with correct percentage","duration":12.785904000000073,"failureMessages":[],"meta":{}},{"ancestorTitles":["PlayerQuestProgress"],"fullName":"PlayerQuestProgress should display last quest completion time","status":"passed","title":"should display last quest completion time","duration":6.483816999999817,"failureMessages":[],"meta":{}},{"ancestorTitles":["PlayerQuestProgress"],"fullName":"PlayerQuestProgress should show \"YOU\" indicator for current user","status":"passed","title":"should show \"YOU\" indicator for current user","duration":8.682884000000058,"failureMessages":[],"meta":{}},{"ancestorTitles":["PlayerQuestProgress"],"fullName":"PlayerQuestProgress should not show \"YOU\" indicator for non-current user","status":"passed","title":"should not show \"YOU\" indicator for non-current user","duration":10.54672800000003,"failureMessages":[],"meta":{}},{"ancestorTitles":["PlayerQuestProgress"],"fullName":"PlayerQuestProgress should handle player with no completed quests","status":"passed","title":"should handle player with no completed quests","duration":6.422243000000208,"failureMessages":[],"meta":{}},{"ancestorTitles":["PlayerQuestProgress"],"fullName":"PlayerQuestProgress should handle player with no lastQuestCompleted timestamp","status":"passed","title":"should handle player with no lastQuestCompleted timestamp","duration":4.190344999999979,"failureMessages":[],"meta":{}},{"ancestorTitles":["PlayerQuestProgress"],"fullName":"PlayerQuestProgress should display check circle icon","status":"passed","title":"should display check circle icon","duration":8.384761000000026,"failureMessages":[],"meta":{}}],"startTime":1772572809108,"endTime":1772572809273.3848,"status":"passed","message":"","name":"/home/omi/projects/amogus/tests/unit/components/admin/player-quest-progress.test.tsx"},{"assertionResults":[{"ancestorTitles":["RefreshButton"],"fullName":"RefreshButton should render a refresh button","status":"passed","title":"should render a refresh button","duration":320.7540940000001,"failureMessages":[],"meta":{}},{"ancestorTitles":["RefreshButton"],"fullName":"RefreshButton should call refreshGameData when clicked","status":"passed","title":"should call refreshGameData when clicked","duration":72.57724899999994,"failureMessages":[],"meta":{}},{"ancestorTitles":["RefreshButton"],"fullName":"RefreshButton should show loading state during fetch","status":"passed","title":"should show loading state during fetch","duration":44.216805999999906,"failureMessages":[],"meta":{}},{"ancestorTitles":["RefreshButton"],"fullName":"RefreshButton should be disabled when no userId is available","status":"passed","title":"should be disabled when no userId is available","duration":57.03495100000009,"failureMessages":[],"meta":{}},{"ancestorTitles":["RefreshButton"],"fullName":"RefreshButton should prevent multiple rapid clicks","status":"passed","title":"should prevent multiple rapid clicks","duration":42.511844999999994,"failureMessages":[],"meta":{}},{"ancestorTitles":["RefreshButton"],"fullName":"RefreshButton should debounce clicks within 2 seconds","status":"passed","title":"should debounce clicks within 2 seconds","duration":139.13691800000015,"failureMessages":[],"meta":{}}],"startTime":1772572807153,"endTime":1772572807830.137,"status":"passed","message":"","name":"/home/omi/projects/amogus/tests/unit/components/admin/refresh-button.test.tsx"}]}
